<?xml version="1.0" encoding="UTF-8"?>
<!-- Generated by org.testng.reporters.JUnitReportReporter -->
<testsuite hostname="hp" failures="0" tests="1" name="test.Parameters" time="0.023" errors="0" timestamp="23 Jul 2020 17:33:01 GMT" skipped="0">
  <testcase classname="test.Parameters" name="test" time="0.023"/>
</testsuite> <!-- test.Parameters -->
