<?xml version="1.0" encoding="UTF-8"?>
<!-- Generated by org.testng.reporters.JUnitReportReporter -->
<testsuite hostname="hp" failures="0" tests="2" name="util.Exceldataprovider" time="0.015" errors="0" timestamp="21 Jul 2020 19:08:47 GMT" skipped="0">
  <testcase classname="util.Exceldataprovider" name="test1" time="0.000"/>
  <testcase classname="util.Exceldataprovider" name="test1" time="0.015"/>
</testsuite> <!-- util.Exceldataprovider -->
