<?xml version="1.0" encoding="UTF-8"?>
<!-- Generated by org.testng.reporters.JUnitReportReporter -->
<testsuite hostname="hp" failures="0" tests="4" name="priority.Groups" time="0.031" errors="0" timestamp="23 Jul 2020 17:35:54 GMT" skipped="0">
  <testcase classname="priority.Groups" name="test1" time="0.023"/>
  <testcase classname="priority.Groups" name="test4" time="0.004"/>
  <testcase classname="priority.Groups" name="test3" time="0.002"/>
  <testcase classname="priority.Groups" name="test2" time="0.002"/>
</testsuite> <!-- priority.Groups -->
