<?xml version="1.0" encoding="UTF-8"?>
<!-- Generated by org.testng.reporters.JUnitReportReporter -->
<testsuite hostname="hp" failures="0" tests="1" name="util.Testng_and_Properties" time="10.783" errors="0" timestamp="20 Jul 2020 13:13:01 GMT" skipped="0">
  <testcase classname="util.Testng_and_Properties" name="test" time="10.783"/>
</testsuite> <!-- util.Testng_and_Properties -->
