<?xml version="1.0" encoding="UTF-8"?>
<!-- Generated by org.testng.reporters.JUnitReportReporter -->
<testsuite hostname="hp" failures="0" tests="3" name="priority.Dependency" time="0.035" errors="0" timestamp="23 Jul 2020 17:44:19 GMT" skipped="1">
  <testcase classname="priority.Dependency" name="test50" time="0.002"/>
  <testcase classname="priority.Dependency" name="test49" time="0.033"/>
  <testcase classname="priority.Dependency" name="test51">
    <skipped/>
  </testcase> <!-- test51 -->
</testsuite> <!-- priority.Dependency -->
