<?xml version="1.0" encoding="UTF-8"?>
<!-- Generated by org.testng.reporters.JUnitReportReporter -->
<testsuite hostname="hp" failures="0" tests="1" name="listeners.Sdsgs" time="9.140" errors="0" timestamp="24 Jul 2020 12:15:54 GMT" skipped="0">
  <testcase classname="listeners.Sdsgs" name="test1" time="9.140"/>
</testsuite> <!-- listeners.Sdsgs -->
