<?xml version="1.0" encoding="UTF-8"?>
<!-- Generated by org.testng.reporters.JUnitReportReporter -->
<testsuite hostname="hp" failures="0" tests="3" name="priority.Prio" time="0.036" errors="0" timestamp="22 Jul 2020 18:17:34 GMT" skipped="0">
  <testcase classname="priority.Prio" name="test3" time="0.022"/>
  <testcase classname="priority.Prio" name="test1" time="0.007"/>
  <testcase classname="priority.Prio" name="test2" time="0.007"/>
</testsuite> <!-- priority.Prio -->
